<?xml version="1.0" encoding="UTF-8"?>
<!-- Generated by org.testng.reporters.JUnitXMLReporter -->
<testsuite ignored="0" hostname="shaparma-mac" failures="0" tests="7" name="Surefire test" time="45.432" errors="0" timestamp="2024-06-06T12:28:56 IST">
  <testcase classname="Testcase.TestClassSauce" name="a" time="11.866"/>
  <testcase classname="Testcase.TestClassSauce" name="b" time="7.364"/>
  <testcase classname="Testcase.TestClassSauce" name="c" time="6.791"/>
  <testcase classname="Testcase.TestClassSauce" name="d" time="6.758"/>
  <testcase classname="Testcase.TestClassSauce" name="e" time="1.441"/>
  <testcase classname="Testcase.TestClassSauce" name="f" time="3.081"/>
  <testcase classname="Testcase.TestClassSauce" name="g" time="7.982"/>
</testsuite> <!-- Surefire test -->
