<?xml version="1.0" encoding="UTF-8"?>
<!-- Generated by org.testng.reporters.JUnitXMLReporter -->
<testsuite ignored="0" hostname="shaparma-mac" failures="0" tests="7" name="Default test" time="43.138" errors="0" timestamp="2024-06-06T11:36:17 IST">
  <testcase classname="Testcase.TestClassSauce" name="a" time="12.225"/>
  <testcase classname="Testcase.TestClassSauce" name="b" time="7.425"/>
  <testcase classname="Testcase.TestClassSauce" name="c" time="6.918"/>
  <testcase classname="Testcase.TestClassSauce" name="d" time="6.625"/>
  <testcase classname="Testcase.TestClassSauce" name="e" time="1.336"/>
  <testcase classname="Testcase.TestClassSauce" name="f" time="2.834"/>
  <testcase classname="Testcase.TestClassSauce" name="g" time="5.605"/>
</testsuite> <!-- Default test -->
