<?xml version="1.0" encoding="UTF-8"?>
<!-- Generated by org.testng.reporters.JUnitXMLReporter -->
<testsuite ignored="0" hostname="shaparma-mac" failures="0" tests="7" name="Test" time="42.768" errors="0" timestamp="2024-06-06T11:08:02 IST">
  <testcase classname="Testcase.TestClassSauce" name="a" time="11.89"/>
  <testcase classname="Testcase.TestClassSauce" name="b" time="7.703"/>
  <testcase classname="Testcase.TestClassSauce" name="c" time="6.96"/>
  <testcase classname="Testcase.TestClassSauce" name="d" time="6.283"/>
  <testcase classname="Testcase.TestClassSauce" name="e" time="1.559"/>
  <testcase classname="Testcase.TestClassSauce" name="f" time="2.606"/>
  <testcase classname="Testcase.TestClassSauce" name="g" time="5.54"/>
</testsuite> <!-- Test -->
