<?xml version="1.0" encoding="UTF-8"?>
<testng-results ignored="0" total="7" passed="7" failed="0" skipped="0">
  <reporter-output>
  </reporter-output>
  <suite started-at="2024-06-06T12:28:10 IST" name="Surefire suite" finished-at="2024-06-06T12:28:56 IST" duration-ms="45432">
    <groups>
    </groups>
    <test started-at="2024-06-06T12:28:10 IST" name="Surefire test" finished-at="2024-06-06T12:28:56 IST" duration-ms="45432">
      <class name="Testcase.TestClassSauce">
        <test-method signature="a()[pri:0, instance:Testcase.TestClassSauce@1df8da7a]" started-at="2024-06-06T12:28:10 IST" name="a" finished-at="2024-06-06T12:28:22 IST" duration-ms="11866" status="PASS">
          <reporter-output>
          </reporter-output>
        </test-method> <!-- a -->
        <test-method signature="b()[pri:0, instance:Testcase.TestClassSauce@1df8da7a]" started-at="2024-06-06T12:28:22 IST" name="b" finished-at="2024-06-06T12:28:30 IST" duration-ms="7364" status="PASS">
          <reporter-output>
          </reporter-output>
        </test-method> <!-- b -->
        <test-method signature="c()[pri:0, instance:Testcase.TestClassSauce@1df8da7a]" started-at="2024-06-06T12:28:30 IST" name="c" finished-at="2024-06-06T12:28:36 IST" duration-ms="6791" status="PASS">
          <reporter-output>
          </reporter-output>
        </test-method> <!-- c -->
        <test-method signature="d()[pri:0, instance:Testcase.TestClassSauce@1df8da7a]" started-at="2024-06-06T12:28:36 IST" name="d" finished-at="2024-06-06T12:28:43 IST" duration-ms="6758" status="PASS">
          <reporter-output>
          </reporter-output>
        </test-method> <!-- d -->
        <test-method signature="e()[pri:0, instance:Testcase.TestClassSauce@1df8da7a]" started-at="2024-06-06T12:28:43 IST" name="e" finished-at="2024-06-06T12:28:45 IST" duration-ms="1441" status="PASS">
          <reporter-output>
          </reporter-output>
        </test-method> <!-- e -->
        <test-method signature="f()[pri:0, instance:Testcase.TestClassSauce@1df8da7a]" started-at="2024-06-06T12:28:45 IST" name="f" finished-at="2024-06-06T12:28:48 IST" duration-ms="3081" status="PASS">
          <reporter-output>
          </reporter-output>
        </test-method> <!-- f -->
        <test-method signature="g()[pri:0, instance:Testcase.TestClassSauce@1df8da7a]" started-at="2024-06-06T12:28:48 IST" name="g" finished-at="2024-06-06T12:28:56 IST" duration-ms="7982" status="PASS">
          <reporter-output>
          </reporter-output>
        </test-method> <!-- g -->
      </class> <!-- Testcase.TestClassSauce -->
    </test> <!-- Surefire test -->
  </suite> <!-- Surefire suite -->
</testng-results>
