<?xml version="1.0" encoding="UTF-8"?>
<testsuite xmlns:xsi="http://www.w3.org/2001/XMLSchema-instance" xsi:noNamespaceSchemaLocation="https://maven.apache.org/surefire/maven-surefire-plugin/xsd/surefire-test-report.xsd" name="Testcase.TestClassSauce" time="42.898" tests="7" errors="0" skipped="0" failures="0">
  <properties>
[...]
</properties>
  <testcase name="a" classname="Testcase.TestClassSauce" time="11.501"/>
  <testcase name="b" classname="Testcase.TestClassSauce" time="7.72"/>
  <testcase name="c" classname="Testcase.TestClassSauce" time="6.346"/>
  <testcase name="d" classname="Testcase.TestClassSauce" time="6.336"/>
  <testcase name="e" classname="Testcase.TestClassSauce" time="0.799"/>
  <testcase name="f" classname="Testcase.TestClassSauce" time="3.827"/>
  <testcase name="g" classname="Testcase.TestClassSauce" time="5.329"/>
</testsuite>