<?xml version="1.0" encoding="UTF-8"?>
<testng-results ignored="0" total="7" passed="7" failed="0" skipped="0">
  <reporter-output>
  </reporter-output>
  <suite started-at="2024-06-06T11:41:17 IST" name="Surefire suite" finished-at="2024-06-06T11:41:59 IST" duration-ms="41918">
    <groups>
    </groups>
    <test started-at="2024-06-06T11:41:17 IST" name="Surefire test" finished-at="2024-06-06T11:41:59 IST" duration-ms="41918">
      <class name="Testcase.TestClassSauce">
        <test-method signature="a()[pri:0, instance:Testcase.TestClassSauce@23941fb4]" started-at="2024-06-06T11:41:17 IST" name="a" finished-at="2024-06-06T11:41:28 IST" duration-ms="11410" status="PASS">
          <reporter-output>
          </reporter-output>
        </test-method> <!-- a -->
        <test-method signature="b()[pri:0, instance:Testcase.TestClassSauce@23941fb4]" started-at="2024-06-06T11:41:28 IST" name="b" finished-at="2024-06-06T11:41:36 IST" duration-ms="7716" status="PASS">
          <reporter-output>
          </reporter-output>
        </test-method> <!-- b -->
        <test-method signature="c()[pri:0, instance:Testcase.TestClassSauce@23941fb4]" started-at="2024-06-06T11:41:36 IST" name="c" finished-at="2024-06-06T11:41:42 IST" duration-ms="6343" status="PASS">
          <reporter-output>
          </reporter-output>
        </test-method> <!-- c -->
        <test-method signature="d()[pri:0, instance:Testcase.TestClassSauce@23941fb4]" started-at="2024-06-06T11:41:42 IST" name="d" finished-at="2024-06-06T11:41:49 IST" duration-ms="6334" status="PASS">
          <reporter-output>
          </reporter-output>
        </test-method> <!-- d -->
        <test-method signature="e()[pri:0, instance:Testcase.TestClassSauce@23941fb4]" started-at="2024-06-06T11:41:49 IST" name="e" finished-at="2024-06-06T11:41:49 IST" duration-ms="798" status="PASS">
          <reporter-output>
          </reporter-output>
        </test-method> <!-- e -->
        <test-method signature="f()[pri:0, instance:Testcase.TestClassSauce@23941fb4]" started-at="2024-06-06T11:41:49 IST" name="f" finished-at="2024-06-06T11:41:53 IST" duration-ms="3823" status="PASS">
          <reporter-output>
          </reporter-output>
        </test-method> <!-- f -->
        <test-method signature="g()[pri:0, instance:Testcase.TestClassSauce@23941fb4]" started-at="2024-06-06T11:41:53 IST" name="g" finished-at="2024-06-06T11:41:58 IST" duration-ms="5325" status="PASS">
          <reporter-output>
          </reporter-output>
        </test-method> <!-- g -->
      </class> <!-- Testcase.TestClassSauce -->
    </test> <!-- Surefire test -->
  </suite> <!-- Surefire suite -->
</testng-results>
